Memory/app/build/intermediates/manifest_merge_blame_file/debug/manifest-merger-blame-debug-report.txt
1<?xml version="1.0" encoding="utf-8"?>
2<manifest xmlns:android="http://schemas.android.com/apk/res/android"
3    package="com.example.memory"
4    android:versionCode="1"
5    android:versionName="1.0" >
6
7    <uses-sdk
8        android:minSdkVersion="22"
8-->src\main\AndroidManifest.xml
9        android:targetSdkVersion="30" />
9-->src\main\AndroidManifest.xml
10
11    <application
11-->src\main\AndroidManifest.xml:5:5-26:19
12        android:allowBackup="true"
12-->src\main\AndroidManifest.xml:6:9-35
13        android:appComponentFactory="androidx.core.app.CoreComponentFactory"
13-->[androidx.core:core:1.3.1] AndroidManifest.xml:24:18-86
14        android:debuggable="true"
15        android:icon="@mipmap/ic_launcher"
15-->src\main\AndroidManifest.xml:7:9-43
16        android:label="@string/app_name"
16-->src\main\AndroidManifest.xml:8:9-41
17        android:roundIcon="@mipmap/ic_launcher_round"
17-->src\main\AndroidManifest.xml:9:9-54
18        android:supportsRtl="true"
18-->src\main\AndroidManifest.xml:10:9-35
19        android:testOnly="true"
20        android:theme="@style/Theme.AppCompat.NoActionBar" >
20-->src\main\AndroidManifest.xml:11:9-59
21        <activity android:name="com.example.memory.MainActivity" >
21-->src\main\AndroidManifest.xml:13:9-19:20
21-->src\main\AndroidManifest.xml:13:19-47
22            <intent-filter>
22-->src\main\AndroidManifest.xml:14:13-18:29
23                <action android:name="android.intent.action.MAIN" />
23-->src\main\AndroidManifest.xml:15:17-69
23-->src\main\AndroidManifest.xml:15:25-66
24
25                <category android:name="android.intent.category.LAUNCHER" />
25-->src\main\AndroidManifest.xml:17:17-77
25-->src\main\AndroidManifest.xml:17:27-74
26            </intent-filter>
27        </activity>
28        <activity android:name="com.example.memory.MenuActivity" />
28-->src\main\AndroidManifest.xml:20:9-49
28-->src\main\AndroidManifest.xml:20:19-47
29        <activity android:name="com.example.memory.CreditosActivity" />
29-->src\main\AndroidManifest.xml:21:9-53
29-->src\main\AndroidManifest.xml:21:19-51
30        <activity android:name="com.example.memory.Juego" />
30-->src\main\AndroidManifest.xml:22:9-41
30-->src\main\AndroidManifest.xml:22:19-39
31
32        <meta-data
32-->src\main\AndroidManifest.xml:23:9-25:57
33            android:name="preloaded_fonts"
33-->src\main\AndroidManifest.xml:24:13-43
34            android:resource="@array/preloaded_fonts" />
34-->src\main\AndroidManifest.xml:25:13-54
35    </application>
36
37</manifest>